<?xml version="1.0" encoding="UTF-8"?>
<testsuite xmlns:xsi="http://www.w3.org/2001/XMLSchema-instance" xsi:noNamespaceSchemaLocation="https://maven.apache.org/surefire/maven-surefire-plugin/xsd/surefire-test-report.xsd" name="net.biancheng.www.AppTest" time="0.023" tests="1" errors="0" skipped="0" failures="0">
  <properties>
    <property name="sun.desktop" value="windows"/>
    <property name="awt.toolkit" value="sun.awt.windows.WToolkit"/>
    <property name="file.encoding.pkg" value="sun.io"/>
    <property name="java.specification.version" value="1.8"/>
    <property name="sun.cpu.isalist" value="amd64"/>
    <property name="sun.jnu.encoding" value="GBK"/>
    <property name="java.class.path" value="D:\eclipse workSpace 3\helloIdeaMaven\target\test-classes;D:\eclipse workSpace 3\helloIdeaMaven\target\classes;D:\myRepository\repository\junit\junit\4.11\junit-4.11.jar;D:\myRepository\repository\org\hamcrest\hamcrest-core\1.3\hamcrest-core-1.3.jar;"/>
    <property name="java.vm.vendor" value="Oracle Corporation"/>
    <property name="sun.arch.data.model" value="64"/>
    <property name="user.variant" value=""/>
    <property name="java.vendor.url" value="http://java.oracle.com/"/>
    <property name="user.timezone" value="Asia/Shanghai"/>
    <property name="java.vm.specification.version" value="1.8"/>
    <property name="os.name" value="Windows 10"/>
    <property name="user.country" value="CN"/>
    <property name="sun.java.launcher" value="SUN_STANDARD"/>
    <property name="sun.boot.library.path" value="D:\jdk1.8.0_131\jre\bin"/>
    <property name="sun.java.command" value="C:\Users\79330\AppData\Local\Temp\surefire3289919286228959823\surefirebooter8488119563362097667.jar C:\Users\79330\AppData\Local\Temp\surefire3289919286228959823 2021-04-06T10-19-18_279-jvmRun1 surefire3966487307169303161tmp surefire_01134379542923230565tmp"/>
    <property name="surefire.test.class.path" value="D:\eclipse workSpace 3\helloIdeaMaven\target\test-classes;D:\eclipse workSpace 3\helloIdeaMaven\target\classes;D:\myRepository\repository\junit\junit\4.11\junit-4.11.jar;D:\myRepository\repository\org\hamcrest\hamcrest-core\1.3\hamcrest-core-1.3.jar;"/>
    <property name="sun.cpu.endian" value="little"/>
    <property name="user.home" value="C:\Users\79330"/>
    <property name="user.language" value="zh"/>
    <property name="java.specification.vendor" value="Oracle Corporation"/>
    <property name="java.home" value="D:\jdk1.8.0_131\jre"/>
    <property name="basedir" value="D:\eclipse workSpace 3\helloIdeaMaven"/>
    <property name="file.separator" value="\"/>
    <property name="line.separator" value="&#10;"/>
    <property name="java.vm.specification.vendor" value="Oracle Corporation"/>
    <property name="java.specification.name" value="Java Platform API Specification"/>
    <property name="java.awt.graphicsenv" value="sun.awt.Win32GraphicsEnvironment"/>
    <property name="surefire.real.class.path" value="C:\Users\79330\AppData\Local\Temp\surefire3289919286228959823\surefirebooter8488119563362097667.jar"/>
    <property name="sun.boot.class.path" value="D:\jdk1.8.0_131\jre\lib\resources.jar;D:\jdk1.8.0_131\jre\lib\rt.jar;D:\jdk1.8.0_131\jre\lib\sunrsasign.jar;D:\jdk1.8.0_131\jre\lib\jsse.jar;D:\jdk1.8.0_131\jre\lib\jce.jar;D:\jdk1.8.0_131\jre\lib\charsets.jar;D:\jdk1.8.0_131\jre\lib\jfr.jar;D:\jdk1.8.0_131\jre\classes"/>
    <property name="user.script" value=""/>
    <property name="sun.management.compiler" value="HotSpot 64-Bit Tiered Compilers"/>
    <property name="java.runtime.version" value="1.8.0_131-b11"/>
    <property name="user.name" value="79330"/>
    <property name="path.separator" value=";"/>
    <property name="os.version" value="10.0"/>
    <property name="java.endorsed.dirs" value="D:\jdk1.8.0_131\jre\lib\endorsed"/>
    <property name="java.runtime.name" value="Java(TM) SE Runtime Environment"/>
    <property name="file.encoding" value="GBK"/>
    <property name="java.vm.name" value="Java HotSpot(TM) 64-Bit Server VM"/>
    <property name="localRepository" value="D:\myRepository\repository"/>
    <property name="java.vendor.url.bug" value="http://bugreport.sun.com/bugreport/"/>
    <property name="java.io.tmpdir" value="C:\Users\79330\AppData\Local\Temp\"/>
    <property name="java.version" value="1.8.0_131"/>
    <property name="user.dir" value="D:\eclipse workSpace 3\helloIdeaMaven"/>
    <property name="os.arch" value="amd64"/>
    <property name="java.vm.specification.name" value="Java Virtual Machine Specification"/>
    <property name="java.awt.printerjob" value="sun.awt.windows.WPrinterJob"/>
    <property name="sun.os.patch.level" value=""/>
    <property name="java.library.path" value="D:\jdk1.8.0_131\jre\bin;C:\Windows\Sun\Java\bin;C:\Windows\system32;C:\Windows;C:\ProgramData\Oracle\Java\javapath;D:\jdk1.8.0_131\bin;D:\apache-maven-3.6.3\bin;C:\Windows\system32;C:\Windows;C:\Windows\System32\Wbem;D:\nexus-3.30.0-01-win64\nexus-3.30.0-01\bin;D:\TortoiseSVN\bin;C:\Program Files\Git\cmd;C:\Program Files\Git\bin;C:\Program Files\MySQL\MySQL Shell 8.0\bin\;C:\Users\79330\AppData\Local\Microsoft\WindowsApps;D:\liyuanyuan\vscode\nodejs\node_global;D:\apache-maven-3.6.3\bin;C:\Users\79330\AppData\Local\GitHubDesktop\bin;."/>
    <property name="java.vm.info" value="mixed mode"/>
    <property name="java.vendor" value="Oracle Corporation"/>
    <property name="java.vm.version" value="25.131-b11"/>
    <property name="java.ext.dirs" value="D:\jdk1.8.0_131\jre\lib\ext;C:\Windows\Sun\Java\lib\ext"/>
    <property name="sun.io.unicode.encoding" value="UnicodeLittle"/>
    <property name="maven.repo.local" value="D:\myRepository\repository"/>
    <property name="java.class.version" value="52.0"/>
  </properties>
  <testcase name="shouldAnswerWithTrue" classname="net.biancheng.www.AppTest" time="0.001"/>
</testsuite>